2021-09-27 23:01:50,545:INFO:PyCaret Supervised Module
2021-09-27 23:01:50,545:INFO:ML Usecase: anomaly
2021-09-27 23:01:50,546:INFO:version 2.3.4
2021-09-27 23:01:50,546:INFO:Initializing setup()
2021-09-27 23:01:50,546:INFO:setup(target=None, ml_usecase=anomaly, available_plots={'tsne': 'Anomaly TSnE (3d)', 'umap': 'UMAP Dimensionality'}, train_size=0.7, test_data=None, preprocess=True, imputation_type=simple, iterative_imputation_iters=5, categorical_features=None, categorical_imputation=mode, categorical_iterative_imputer=lightgbm, ordinal_features=None, high_cardinality_features=None, high_cardinality_method=frequency, numeric_features=None, numeric_imputation=mean, numeric_iterative_imputer=lightgbm, date_features=None, ignore_features=['MouseID'], normalize=True, normalize_method=zscore, transformation=False, transformation_method=yeo-johnson, handle_unknown_categorical=True, unknown_categorical_method=least_frequent, pca=False, pca_method=linear, pca_components=None, ignore_low_variance=False, combine_rare_levels=False, rare_level_threshold=0.1, bin_numeric_features=None, remove_outliers=False, outliers_threshold=0.05, remove_multicollinearity=False, multicollinearity_threshold=0.9, remove_perfect_collinearity=False, create_clusters=False, cluster_iter=20, polynomial_features=False, polynomial_degree=2, trigonometry_features=False, polynomial_threshold=0.1, group_features=None, group_names=None, feature_selection=False, feature_selection_threshold=0.8, feature_selection_method=classic, feature_interaction=False, feature_ratio=False, interaction_threshold=0.01, fix_imbalance=False, fix_imbalance_method=None, transform_target=False, transform_target_method=box-cox, data_split_shuffle=False, data_split_stratify=False, fold_strategy=kfold, fold=10, fold_shuffle=False, fold_groups=None, n_jobs=-1, use_gpu=False, custom_pipeline=None, html=True, session_id=123, log_experiment=False, experiment_name=None, log_plots=False, log_profile=False, log_data=False, silent=False, verbose=True, profile=False, profile_kwargs=None, display=None)
2021-09-27 23:01:50,546:INFO:Checking environment
2021-09-27 23:01:50,546:INFO:python_version: 3.7.6
2021-09-27 23:01:50,546:INFO:python_build: ('default', 'Jan  8 2020 13:42:34')
2021-09-27 23:01:50,546:INFO:machine: x86_64
2021-09-27 23:01:50,574:INFO:platform: Darwin-20.3.0-x86_64-i386-64bit
2021-09-27 23:01:50,575:INFO:Memory: svmem(total=8589934592, available=2306727936, percent=73.1, used=4349358080, free=23339008, active=2283810816, inactive=2256289792, wired=2065547264)
2021-09-27 23:01:50,575:INFO:Physical Core: 2
2021-09-27 23:01:50,575:INFO:Logical Core: 4
2021-09-27 23:01:50,575:INFO:Checking libraries
2021-09-27 23:01:50,575:INFO:pd==1.3.3
2021-09-27 23:01:50,575:INFO:numpy==1.19.5
2021-09-27 23:01:50,575:INFO:sklearn==0.23.2
2021-09-27 23:01:50,575:INFO:lightgbm==3.2.1
2021-09-27 23:01:50,576:WARNING:catboost not found
2021-09-27 23:01:50,576:WARNING:xgboost not found
2021-09-27 23:01:51,258:INFO:mlflow==1.20.2
2021-09-27 23:01:51,259:INFO:Checking Exceptions
2021-09-27 23:01:51,259:INFO:Declaring global variables
2021-09-27 23:01:51,259:INFO:USI: 0b14
2021-09-27 23:01:51,259:INFO:pycaret_globals: {'n_jobs_param', 'gpu_param', '_ml_usecase', 'fold_groups_param_full', 'experiment__', 'fold_shuffle_param', 'imputation_regressor', '_available_plots', '_all_models', 'transform_target_method_param', 'fold_param', 'logging_param', 'html_param', 'exp_name_log', 'log_plots_param', 'data_before_preprocess', '_all_metrics', '_gpu_n_jobs_param', 'fix_imbalance_method_param', 'X', '_internal_pipeline', 'fix_imbalance_param', 'fold_generator', 'target_param', 'pycaret_globals', 'iterative_imputation_iters_param', 'fold_groups_param', 'prep_pipe', 'USI', 'master_model_container', 'transform_target_param', 'seed', 'create_model_container', 'stratify_param', 'imputation_classifier', '_all_models_internal', 'display_container'}
2021-09-27 23:01:51,259:INFO:Preparing display monitor
2021-09-27 23:01:51,259:INFO:Preparing display monitor
2021-09-27 23:01:51,299:INFO:Importing libraries
2021-09-27 23:01:51,299:INFO:Copying data for preprocessing
2021-09-27 23:01:51,321:INFO:Declaring preprocessing parameters
2021-09-27 23:01:51,329:INFO:Creating preprocessing pipeline
2021-09-27 23:01:51,408:INFO:Preprocessing pipeline created successfully
2021-09-27 23:01:51,409:ERROR:(Process Exit): setup has been interupted with user command 'quit'. setup must rerun.
2021-09-27 23:01:51,409:INFO:Creating global containers
2021-09-27 23:01:51,412:INFO:Internal pipeline: Pipeline(memory=None, steps=[('empty_step', 'passthrough')], verbose=False)
2021-09-27 23:02:22,014:INFO:Creating grid variables
2021-09-27 23:02:22,036:INFO:create_model_container: 0
2021-09-27 23:02:22,036:INFO:master_model_container: 0
2021-09-27 23:02:22,037:INFO:display_container: 1
2021-09-27 23:02:22,049:INFO:Pipeline(memory=None,
         steps=[('dtypes',
                 DataTypes_Auto_infer(categorical_features=[],
                                      display_types=True,
                                      features_todrop=['MouseID'],
                                      id_columns=[], ml_usecase='regression',
                                      numerical_features=[],
                                      target='UNSUPERVISED_DUMMY_TARGET',
                                      time_features=[])),
                ('imputer',
                 Simple_Imputer(categorical_strategy='most frequent',
                                fill_value_categorical=None,
                                fill_value_numer...
                ('P_transform', 'passthrough'), ('binn', 'passthrough'),
                ('rem_outliers', 'passthrough'), ('cluster_all', 'passthrough'),
                ('dummy', Dummify(target='UNSUPERVISED_DUMMY_TARGET')),
                ('fix_perfect', 'passthrough'),
                ('clean_names', Clean_Colum_Names()),
                ('feature_select', 'passthrough'), ('fix_multi', 'passthrough'),
                ('dfs', 'passthrough'), ('pca', 'passthrough')],
         verbose=False)
2021-09-27 23:02:22,050:INFO:setup() succesfully completed......................................
2021-09-27 23:04:55,917:INFO:Initializing create_model()
2021-09-27 23:04:55,922:INFO:create_model(estimator=iforest, num_clusters=4, fraction=0.05, ground_truth=None, round=4, fit_kwargs=None, verbose=True, system=True, add_to_model_list=True, raise_num_clusters=False, display=None, kwargs={})
2021-09-27 23:04:55,922:INFO:Checking exceptions
2021-09-27 23:04:55,922:INFO:Preparing display monitor
2021-09-27 23:04:55,996:INFO:Importing libraries
2021-09-27 23:04:56,033:INFO:Importing untrained model
2021-09-27 23:04:56,064:INFO:Isolation Forest Imported succesfully
2021-09-27 23:04:56,088:INFO:Fitting Model
2021-09-27 23:04:56,785:INFO:IForest(behaviour='new', bootstrap=False, contamination=0.05,
    max_features=1.0, max_samples='auto', n_estimators=100, n_jobs=-1,
    random_state=123, verbose=0)
2021-09-27 23:04:56,785:INFO:create_models() succesfully completed......................................
2021-09-27 23:04:56,786:INFO:Uploading results into container
2021-09-27 23:04:56,787:INFO:Uploading model into container now
2021-09-27 23:04:56,789:INFO:create_model_container: 1
2021-09-27 23:04:56,789:INFO:master_model_container: 1
2021-09-27 23:04:56,789:INFO:display_container: 2
2021-09-27 23:04:56,790:INFO:IForest(behaviour='new', bootstrap=False, contamination=0.05,
    max_features=1.0, max_samples='auto', n_estimators=100, n_jobs=-1,
    random_state=123, verbose=0)
2021-09-27 23:04:56,790:INFO:create_model() succesfully completed......................................
2021-09-27 23:06:11,407:INFO:Initializing create_model()
2021-09-27 23:06:11,408:INFO:create_model(estimator=svm, num_clusters=4, fraction=0.025, ground_truth=None, round=4, fit_kwargs=None, verbose=True, system=True, add_to_model_list=True, raise_num_clusters=False, display=None, kwargs={})
2021-09-27 23:06:11,408:INFO:Checking exceptions
2021-09-27 23:06:11,409:INFO:Preparing display monitor
2021-09-27 23:06:11,440:INFO:Importing libraries
2021-09-27 23:06:11,457:INFO:Importing untrained model
2021-09-27 23:06:11,473:INFO:One-class SVM detector Imported succesfully
2021-09-27 23:06:11,498:INFO:Fitting Model
2021-09-27 23:06:11,724:INFO:OCSVM(cache_size=200, coef0=0.0, contamination=0.025, degree=3, gamma='auto',
   kernel='rbf', max_iter=-1, nu=0.5, shrinking=True, tol=0.001,
   verbose=False)
2021-09-27 23:06:11,724:INFO:create_models() succesfully completed......................................
2021-09-27 23:06:11,725:INFO:Uploading results into container
2021-09-27 23:06:11,726:INFO:Uploading model into container now
2021-09-27 23:06:11,727:INFO:create_model_container: 2
2021-09-27 23:06:11,728:INFO:master_model_container: 2
2021-09-27 23:06:11,728:INFO:display_container: 3
2021-09-27 23:06:11,728:INFO:OCSVM(cache_size=200, coef0=0.0, contamination=0.025, degree=3, gamma='auto',
   kernel='rbf', max_iter=-1, nu=0.5, shrinking=True, tol=0.001,
   verbose=False)
2021-09-27 23:06:11,728:INFO:create_model() succesfully completed......................................
2021-09-27 23:06:38,430:INFO:gpu_param set to False
2021-09-27 23:08:31,124:INFO:Initializing assign_model()
2021-09-27 23:08:31,126:INFO:assign_model(model=IForest(behaviour='new', bootstrap=False, contamination=0.05,
    max_features=1.0, max_samples='auto', n_estimators=100, n_jobs=-1,
    random_state=123, verbose=0), transformation=False, score=True, verbose=True)
2021-09-27 23:08:31,126:INFO:Checking exceptions
2021-09-27 23:08:31,126:INFO:Determining Trained Model
2021-09-27 23:08:31,127:INFO:Trained Model : Isolation Forest
2021-09-27 23:08:31,127:INFO:Copying data
2021-09-27 23:08:31,131:INFO:(1026, 84)
2021-09-27 23:08:31,131:INFO:assign_model() succesfully completed......................................
2021-09-27 23:09:16,970:INFO:Initializing plot_model()
2021-09-27 23:09:16,972:INFO:plot_model(fold=None, use_train_data=False, verbose=True, is_in_evaluate=False, display=None, display_format=None, estimator=IForest(behaviour='new', bootstrap=False, contamination=0.05,
    max_features=1.0, max_samples='auto', n_estimators=100, n_jobs=-1,
    random_state=123, verbose=0), feature_name=None, fit_kwargs=None, groups=None, label=False, plot=tsne, save=False, scale=1, system=True)
2021-09-27 23:09:16,972:INFO:Checking exceptions
2021-09-27 23:09:16,972:INFO:Preparing display monitor
2021-09-27 23:09:16,989:INFO:Preloading libraries
2021-09-27 23:09:17,012:INFO:Copying training dataset
2021-09-27 23:09:17,013:INFO:Plot type: tsne
2021-09-27 23:09:17,914:INFO:SubProcess assign_model() called ==================================
2021-09-27 23:09:17,914:INFO:Initializing assign_model()
2021-09-27 23:09:17,914:INFO:assign_model(model=IForest(behaviour='new', bootstrap=False, contamination=0.05,
    max_features=1.0, max_samples='auto', n_estimators=100, n_jobs=-1,
    random_state=123, verbose=0), transformation=True, score=False, verbose=False)
2021-09-27 23:09:17,914:INFO:Checking exceptions
2021-09-27 23:09:17,914:INFO:Determining Trained Model
2021-09-27 23:09:17,914:INFO:Trained Model : Isolation Forest
2021-09-27 23:09:17,914:INFO:Copying data
2021-09-27 23:09:17,915:INFO:Transformation param set to True. Assigned clusters are attached on transformed dataset.
2021-09-27 23:09:17,915:INFO:(1026, 92)
2021-09-27 23:09:17,915:INFO:assign_model() succesfully completed......................................
2021-09-27 23:09:17,915:INFO:SubProcess assign_model() end ==================================
2021-09-27 23:09:17,918:INFO:Getting dummies to cast categorical variables
2021-09-27 23:09:17,918:INFO:Fitting TSNE()
2021-09-27 23:09:33,081:INFO:Rendering Visual
2021-09-27 23:09:34,414:INFO:Visual Rendered Successfully
2021-09-27 23:09:34,505:INFO:plot_model() succesfully completed......................................
2021-09-27 23:09:53,711:INFO:Initializing plot_model()
2021-09-27 23:09:53,712:INFO:plot_model(fold=None, use_train_data=False, verbose=True, is_in_evaluate=False, display=None, display_format=None, estimator=IForest(behaviour='new', bootstrap=False, contamination=0.05,
    max_features=1.0, max_samples='auto', n_estimators=100, n_jobs=-1,
    random_state=123, verbose=0), feature_name=None, fit_kwargs=None, groups=None, label=False, plot=umap, save=False, scale=1, system=True)
2021-09-27 23:09:53,713:INFO:Checking exceptions
2021-09-27 23:09:53,714:INFO:Preparing display monitor
2021-09-27 23:09:53,732:INFO:Preloading libraries
2021-09-27 23:09:53,758:INFO:Copying training dataset
2021-09-27 23:09:53,760:INFO:Plot type: umap
2021-09-27 23:09:53,866:INFO:SubProcess assign_model() called ==================================
2021-09-27 23:09:53,867:INFO:Initializing assign_model()
2021-09-27 23:09:53,867:INFO:assign_model(model=IForest(behaviour='new', bootstrap=False, contamination=0.05,
    max_features=1.0, max_samples='auto', n_estimators=100, n_jobs=-1,
    random_state=123, verbose=0), transformation=True, score=False, verbose=False)
2021-09-27 23:09:53,867:INFO:Checking exceptions
2021-09-27 23:09:53,867:INFO:Determining Trained Model
2021-09-27 23:09:53,867:INFO:Trained Model : Isolation Forest
2021-09-27 23:09:53,867:INFO:Copying data
2021-09-27 23:09:53,868:INFO:Transformation param set to True. Assigned clusters are attached on transformed dataset.
2021-09-27 23:09:53,869:INFO:(1026, 92)
2021-09-27 23:09:53,869:INFO:assign_model() succesfully completed......................................
2021-09-27 23:09:53,870:INFO:SubProcess assign_model() end ==================================
2021-09-27 23:09:55,784:INFO:Fitting UMAP()
2021-09-27 23:10:05,959:INFO:Rendering Visual
2021-09-27 23:10:06,145:INFO:Visual Rendered Successfully
2021-09-27 23:10:06,295:INFO:plot_model() succesfully completed......................................
2021-09-27 23:10:43,690:INFO:Initializing predict_model()
2021-09-27 23:10:43,692:INFO:predict_model(estimator=IForest(behaviour='new', bootstrap=False, contamination=0.05,
    max_features=1.0, max_samples='auto', n_estimators=100, n_jobs=-1,
    random_state=123, verbose=0), ml_usecase=MLUsecase.ANOMALY)
2021-09-27 23:10:49,746:INFO:Initializing predict_model()
2021-09-27 23:10:49,747:INFO:predict_model(estimator=IForest(behaviour='new', bootstrap=False, contamination=0.05,
    max_features=1.0, max_samples='auto', n_estimators=100, n_jobs=-1,
    random_state=123, verbose=0), ml_usecase=MLUsecase.ANOMALY)
2021-09-27 23:11:20,669:INFO:Initializing predict_model()
2021-09-27 23:11:20,670:INFO:predict_model(estimator=IForest(behaviour='new', bootstrap=False, contamination=0.05,
    max_features=1.0, max_samples='auto', n_estimators=100, n_jobs=-1,
    random_state=123, verbose=0), ml_usecase=MLUsecase.ANOMALY)
2021-09-27 23:12:06,362:INFO:Initializing save_model()
2021-09-27 23:12:06,363:INFO:save_model(model=IForest(behaviour='new', bootstrap=False, contamination=0.05,
    max_features=1.0, max_samples='auto', n_estimators=100, n_jobs=-1,
    random_state=123, verbose=0), model_name=Final IForest Model 27Sept2021, prep_pipe_=Pipeline(memory=None,
         steps=[('dtypes',
                 DataTypes_Auto_infer(categorical_features=[],
                                      display_types=True,
                                      features_todrop=['MouseID'],
                                      id_columns=[], ml_usecase='regression',
                                      numerical_features=[],
                                      target='UNSUPERVISED_DUMMY_TARGET',
                                      time_features=[])),
                ('imputer',
                 Simple_Imputer(categorical_strategy='most frequent',
                                fill_value_categorical=None,
                                fill_value_numer...
                ('P_transform', 'passthrough'), ('binn', 'passthrough'),
                ('rem_outliers', 'passthrough'), ('cluster_all', 'passthrough'),
                ('dummy', Dummify(target='UNSUPERVISED_DUMMY_TARGET')),
                ('fix_perfect', 'passthrough'),
                ('clean_names', Clean_Colum_Names()),
                ('feature_select', 'passthrough'), ('fix_multi', 'passthrough'),
                ('dfs', 'passthrough'), ('pca', 'passthrough')],
         verbose=False), verbose=True, kwargs={})
2021-09-27 23:12:06,363:INFO:Adding model into prep_pipe
2021-09-27 23:12:06,449:INFO:Final IForest Model 27Sept2021.pkl saved in current working directory
2021-09-27 23:12:06,469:INFO:Pipeline(memory=None,
         steps=[('dtypes',
                 DataTypes_Auto_infer(categorical_features=[],
                                      display_types=True,
                                      features_todrop=['MouseID'],
                                      id_columns=[], ml_usecase='regression',
                                      numerical_features=[],
                                      target='UNSUPERVISED_DUMMY_TARGET',
                                      time_features=[])),
                ('imputer',
                 Simple_Imputer(categorical_strategy='most frequent',
                                fill_value_categorical=None,
                                fill_value_numer...
                ('fix_perfect', 'passthrough'),
                ('clean_names', Clean_Colum_Names()),
                ('feature_select', 'passthrough'), ('fix_multi', 'passthrough'),
                ('dfs', 'passthrough'), ('pca', 'passthrough'),
                ['trained_model',
                 IForest(behaviour='new', bootstrap=False, contamination=0.05,
    max_features=1.0, max_samples='auto', n_estimators=100, n_jobs=-1,
    random_state=123, verbose=0)]],
         verbose=False)
2021-09-27 23:12:06,469:INFO:save_model() successfully completed......................................
2021-09-27 23:12:38,382:INFO:Initializing load_model()
2021-09-27 23:12:38,384:INFO:load_model(model_name=Final IForest Model 27Sept2021, platform=None, authentication=None, verbose=True)
